# JRE version: Java(TM) SE Runtime Environment (8.0_45-b15) (build 1.8.0_45-b15)
# Java VM: Java HotSpot(TM) 64-Bit Server VM (25.45-b02 mixed mode windows-amd64 compressed oops)
Heap:
 PSYoungGen      total 282112K, used 240640K [0x00000000eab00000, 0x00000000fec80000, 0x0000000100000000)
  eden space 240640K, 100% used [0x00000000eab00000,0x00000000f9600000,0x00000000f9600000)
  from space 41472K, 0% used [0x00000000fbd80000,0x00000000fbd80000,0x00000000fe600000)
  to   space 40448K, 69% used [0x00000000f9600000,0x00000000fb162698,0x00000000fbd80000)
 ParOldGen       total 168448K, used 135493K [0x00000000c0000000, 0x00000000ca480000, 0x00000000eab00000)
  object space 168448K, 80% used [0x00000000c0000000,0x00000000c8451530,0x00000000ca480000)
 Metaspace       used 92547K, capacity 99869K, committed 100096K, reserved 1134592K
  class space    used 13069K, capacity 15616K, committed 15616K, reserved 1048576K
GC Heap History (10 events):
Event: 505.884 GC heap after
Heap after GC invocations=37 (full 6):
 PSYoungGen      total 263680K, used 25923K [0x00000000eab00000, 0x00000000fe600000, 0x0000000100000000)
  eden space 223744K, 0% used [0x00000000eab00000,0x00000000eab00000,0x00000000f8580000)
  from space 39936K, 64% used [0x00000000f8580000,0x00000000f9ed0c08,0x00000000fac80000)
  to   space 41472K, 0% used [0x00000000fbd80000,0x00000000fbd80000,0x00000000fe600000)
 ParOldGen       total 117248K, used 94076K [0x00000000c0000000, 0x00000000c7280000, 0x00000000eab00000)
  object space 117248K, 80% used [0x00000000c0000000,0x00000000c5bdf168,0x00000000c7280000)
 Metaspace       used 78240K, capacity 83813K, committed 84096K, reserved 1120256K
  class space    used 10941K, capacity 12896K, committed 12928K, reserved 1048576K
}
Event: 505.884 GC heap before
{Heap before GC invocations=38 (full 7):
 PSYoungGen      total 263680K, used 25923K [0x00000000eab00000, 0x00000000fe600000, 0x0000000100000000)
  eden space 223744K, 0% used [0x00000000eab00000,0x00000000eab00000,0x00000000f8580000)
  from space 39936K, 64% used [0x00000000f8580000,0x00000000f9ed0c08,0x00000000fac80000)
  to   space 41472K, 0% used [0x00000000fbd80000,0x00000000fbd80000,0x00000000fe600000)
 ParOldGen       total 117248K, used 94076K [0x00000000c0000000, 0x00000000c7280000, 0x00000000eab00000)
  object space 117248K, 80% used [0x00000000c0000000,0x00000000c5bdf168,0x00000000c7280000)
 Metaspace       used 78240K, capacity 83813K, committed 84096K, reserved 1120256K
  class space    used 10941K, capacity 12896K, committed 12928K, reserved 1048576K
Event: 507.945 GC heap after
Heap after GC invocations=38 (full 7):
 PSYoungGen      total 263680K, used 1243K [0x00000000eab00000, 0x00000000fe600000, 0x0000000100000000)
  eden space 223744K, 0% used [0x00000000eab00000,0x00000000eab00000,0x00000000f8580000)
  from space 39936K, 3% used [0x00000000f8580000,0x00000000f86b6ee0,0x00000000fac80000)
  to   space 41472K, 0% used [0x00000000fbd80000,0x00000000fbd80000,0x00000000fe600000)
 ParOldGen       total 117248K, used 116763K [0x00000000c0000000, 0x00000000c7280000, 0x00000000eab00000)
  object space 117248K, 99% used [0x00000000c0000000,0x00000000c7206e70,0x00000000c7280000)
 Metaspace       used 78207K, capacity 83699K, committed 84096K, reserved 1120256K
  class space    used 10933K, capacity 12862K, committed 12928K, reserved 1048576K
}
Event: 626.340 GC heap before
{Heap before GC invocations=39 (full 8):
 PSYoungGen      total 263680K, used 224800K [0x00000000eab00000, 0x00000000fe600000, 0x0000000100000000)
  eden space 223744K, 99% used [0x00000000eab00000,0x00000000f85511e0,0x00000000f8580000)
  from space 39936K, 3% used [0x00000000f8580000,0x00000000f86b6ee0,0x00000000fac80000)
  to   space 41472K, 0% used [0x00000000fbd80000,0x00000000fbd80000,0x00000000fe600000)
 ParOldGen       total 117248K, used 116763K [0x00000000c0000000, 0x00000000c7280000, 0x00000000eab00000)
  object space 117248K, 99% used [0x00000000c0000000,0x00000000c7206e70,0x00000000c7280000)
 Metaspace       used 84660K, capacity 91104K, committed 91264K, reserved 1126400K
  class space    used 11895K, capacity 14128K, committed 14208K, reserved 1048576K
Event: 627.595 GC heap after
Heap after GC invocations=39 (full 8):
 PSYoungGen      total 263680K, used 26603K [0x00000000eab00000, 0x00000000fe600000, 0x0000000100000000)
  eden space 223744K, 11% used [0x00000000eab00000,0x00000000ec4fad40,0x00000000f8580000)
  from space 39936K, 0% used [0x00000000f8580000,0x00000000f8580000,0x00000000fac80000)
  to   space 41472K, 0% used [0x00000000fbd80000,0x00000000fbd80000,0x00000000fe600000)
 ParOldGen       total 168448K, used 117241K [0x00000000c0000000, 0x00000000ca480000, 0x00000000eab00000)
  object space 168448K, 69% used [0x00000000c0000000,0x00000000c727e698,0x00000000ca480000)
 Metaspace       used 84660K, capacity 91104K, committed 91264K, reserved 1126400K
  class space    used 11895K, capacity 14128K, committed 14208K, reserved 1048576K
}
Event: 633.664 GC heap before
{Heap before GC invocations=40 (full 8):
 PSYoungGen      total 263680K, used 75647K [0x00000000eab00000, 0x00000000fe600000, 0x0000000100000000)
  eden space 223744K, 33% used [0x00000000eab00000,0x00000000ef4dfe20,0x00000000f8580000)
  from space 39936K, 0% used [0x00000000f8580000,0x00000000f8580000,0x00000000fac80000)
  to   space 41472K, 0% used [0x00000000fbd80000,0x00000000fbd80000,0x00000000fe600000)
 ParOldGen       total 168448K, used 117241K [0x00000000c0000000, 0x00000000ca480000, 0x00000000eab00000)
  object space 168448K, 69% used [0x00000000c0000000,0x00000000c727e698,0x00000000ca480000)
 Metaspace       used 85718K, capacity 92198K, committed 92416K, reserved 1128448K
  class space    used 12039K, capacity 14280K, committed 14336K, reserved 1048576K
Event: 633.745 GC heap after
Heap after GC invocations=40 (full 8):
 PSYoungGen      total 282112K, used 20826K [0x00000000eab00000, 0x00000000fec80000, 0x0000000100000000)
  eden space 240640K, 0% used [0x00000000eab00000,0x00000000eab00000,0x00000000f9600000)
  from space 41472K, 50% used [0x00000000fbd80000,0x00000000fd1d69e0,0x00000000fe600000)
  to   space 40448K, 0% used [0x00000000f9600000,0x00000000f9600000,0x00000000fbd80000)
 ParOldGen       total 168448K, used 117249K [0x00000000c0000000, 0x00000000ca480000, 0x00000000eab00000)
  object space 168448K, 69% used [0x00000000c0000000,0x00000000c7280698,0x00000000ca480000)
 Metaspace       used 85718K, capacity 92198K, committed 92416K, reserved 1128448K
  class space    used 12039K, capacity 14280K, committed 14336K, reserved 1048576K
}
Event: 633.745 GC heap before
{Heap before GC invocations=41 (full 9):
 PSYoungGen      total 282112K, used 20826K [0x00000000eab00000, 0x00000000fec80000, 0x0000000100000000)
  eden space 240640K, 0% used [0x00000000eab00000,0x00000000eab00000,0x00000000f9600000)
  from space 41472K, 50% used [0x00000000fbd80000,0x00000000fd1d69e0,0x00000000fe600000)
  to   space 40448K, 0% used [0x00000000f9600000,0x00000000f9600000,0x00000000fbd80000)
 ParOldGen       total 168448K, used 117249K [0x00000000c0000000, 0x00000000ca480000, 0x00000000eab00000)
  object space 168448K, 69% used [0x00000000c0000000,0x00000000c7280698,0x00000000ca480000)
 Metaspace       used 85718K, capacity 92198K, committed 92416K, reserved 1128448K
  class space    used 12039K, capacity 14280K, committed 14336K, reserved 1048576K
Event: 634.148 GC heap after
Heap after GC invocations=41 (full 9):
 PSYoungGen      total 282112K, used 0K [0x00000000eab00000, 0x00000000fec80000, 0x0000000100000000)
  eden space 240640K, 0% used [0x00000000eab00000,0x00000000eab00000,0x00000000f9600000)
  from space 41472K, 0% used [0x00000000fbd80000,0x00000000fbd80000,0x00000000fe600000)
  to   space 40448K, 0% used [0x00000000f9600000,0x00000000f9600000,0x00000000fbd80000)
 ParOldGen       total 168448K, used 135485K [0x00000000c0000000, 0x00000000ca480000, 0x00000000eab00000)
  object space 168448K, 80% used [0x00000000c0000000,0x00000000c844f530,0x00000000ca480000)
 Metaspace       used 85684K, capacity 92084K, committed 92416K, reserved 1128448K
  class space    used 12031K, capacity 14246K, committed 14336K, reserved 1048576K
}
Event: 6695.442 GC heap before
{Heap before GC invocations=42 (full 9):
 PSYoungGen      total 282112K, used 240640K [0x00000000eab00000, 0x00000000fec80000, 0x0000000100000000)
  eden space 240640K, 100% used [0x00000000eab00000,0x00000000f9600000,0x00000000f9600000)
  from space 41472K, 0% used [0x00000000fbd80000,0x00000000fbd80000,0x00000000fe600000)
  to   space 40448K, 0% used [0x00000000f9600000,0x00000000f9600000,0x00000000fbd80000)
 ParOldGen       total 168448K, used 135485K [0x00000000c0000000, 0x00000000ca480000, 0x00000000eab00000)
  object space 168448K, 80% used [0x00000000c0000000,0x00000000c844f530,0x00000000ca480000)
 Metaspace       used 92547K, capacity 99869K, committed 100096K, reserved 1134592K
  class space    used 13069K, capacity 15616K, committed 15616K, reserved 1048576K

